This file contains any messages produced by compilers while
running configure, to aid debugging if configure makes a mistake.

It was created by GenMC configure 0.10.1, which was
generated by GNU Autoconf 2.71.  Invocation command line was

  $ ./configure

## --------- ##
## Platform. ##
## --------- ##

hostname = Heather
uname -m = x86_64
uname -r = 6.8.0-79-generic
uname -s = Linux
uname -v = #79-Ubuntu SMP PREEMPT_DYNAMIC Tue Aug 12 14:42:46 UTC 2025

/usr/bin/uname -p = x86_64
/bin/uname -X     = unknown

/bin/arch              = x86_64
/usr/bin/arch -k       = unknown
/usr/convex/getsysinfo = unknown
/usr/bin/hostinfo      = unknown
/bin/machine           = unknown
/usr/bin/oslevel       = unknown
/bin/universe          = unknown

PATH: /home/ollie/llvm-project/build/bin/
PATH: /path/to/install/directory/bin/
PATH: /home/ollie/.cargo/bin/
PATH: /home/ollie/.local/bin/
PATH: /usr/local/sbin/
PATH: /usr/local/bin/
PATH: /usr/sbin/
PATH: /usr/bin/
PATH: /sbin/
PATH: /bin/
PATH: /usr/games/
PATH: /usr/local/games/
PATH: /snap/bin/
PATH: /snap/bin/


## ----------- ##
## Core tests. ##
## ----------- ##

configure:2585: looking for aux files: compile ar-lib missing install-sh
configure:2598:  trying ./
configure:2627:   ./compile found
configure:2627:   ./ar-lib found
configure:2627:   ./missing found
configure:2609:   ./install-sh found
configure:3105: checking for a BSD-compatible install
configure:3178: result: /usr/bin/install -c
configure:3189: checking whether build environment is sane
configure:3244: result: yes
configure:3403: checking for a race-free mkdir -p
configure:3447: result: /usr/bin/mkdir -p
configure:3454: checking for gawk
configure:3475: found /usr/bin/gawk
configure:3486: result: gawk
configure:3497: checking whether make sets $(MAKE)
configure:3520: result: yes
configure:3550: checking whether make supports nested variables
configure:3568: result: yes
configure:3717: checking whether make supports nested variables
configure:3735: result: yes
configure:3816: checking for g++
configure:3837: found /usr/bin/g++
configure:3848: result: g++
configure:3875: checking for C++ compiler version
configure:3884: g++ --version >&5
g++ (Ubuntu 13.3.0-6ubuntu2~24.04) 13.3.0
Copyright (C) 2023 Free Software Foundation, Inc.
This is free software; see the source for copying conditions.  There is NO
warranty; not even for MERCHANTABILITY or FITNESS FOR A PARTICULAR PURPOSE.

configure:3895: $? = 0
configure:3884: g++ -v >&5
Using built-in specs.
COLLECT_GCC=g++
COLLECT_LTO_WRAPPER=/usr/libexec/gcc/x86_64-linux-gnu/13/lto-wrapper
OFFLOAD_TARGET_NAMES=nvptx-none:amdgcn-amdhsa
OFFLOAD_TARGET_DEFAULT=1
Target: x86_64-linux-gnu
Configured with: ../src/configure -v --with-pkgversion='Ubuntu 13.3.0-6ubuntu2~24.04' --with-bugurl=file:///usr/share/doc/gcc-13/README.Bugs --enable-languages=c,ada,c++,go,d,fortran,objc,obj-c++,m2 --prefix=/usr --with-gcc-major-version-only --program-suffix=-13 --program-prefix=x86_64-linux-gnu- --enable-shared --enable-linker-build-id --libexecdir=/usr/libexec --without-included-gettext --enable-threads=posix --libdir=/usr/lib --enable-nls --enable-bootstrap --enable-clocale=gnu --enable-libstdcxx-debug --enable-libstdcxx-time=yes --with-default-libstdcxx-abi=new --enable-libstdcxx-backtrace --enable-gnu-unique-object --disable-vtable-verify --enable-plugin --enable-default-pie --with-system-zlib --enable-libphobos-checking=release --with-target-system-zlib=auto --enable-objc-gc=auto --enable-multiarch --disable-werror --enable-cet --with-arch-32=i686 --with-abi=m64 --with-multilib-list=m32,m64,mx32 --enable-multilib --with-tune=generic --enable-offload-targets=nvptx-none=/build/gcc-13-fG75Ri/gcc-13-13.3.0/debian/tmp-nvptx/usr,amdgcn-amdhsa=/build/gcc-13-fG75Ri/gcc-13-13.3.0/debian/tmp-gcn/usr --enable-offload-defaulted --without-cuda-driver --enable-checking=release --build=x86_64-linux-gnu --host=x86_64-linux-gnu --target=x86_64-linux-gnu --with-build-config=bootstrap-lto-lean --enable-link-serialization=2
Thread model: posix
Supported LTO compression algorithms: zlib zstd
gcc version 13.3.0 (Ubuntu 13.3.0-6ubuntu2~24.04) 
... rest of stderr output deleted ...
configure:3895: $? = 0
configure:3884: g++ -V >&5
g++: error: unrecognized command-line option '-V'
g++: fatal error: no input files
compilation terminated.
configure:3895: $? = 1
configure:3884: g++ -qversion >&5
g++: error: unrecognized command-line option '-qversion'; did you mean '--version'?
g++: fatal error: no input files
compilation terminated.
configure:3895: $? = 1
configure:3915: checking whether the C++ compiler works
configure:3937: g++    conftest.cpp  >&5
configure:3941: $? = 0
configure:3991: result: yes
configure:3994: checking for C++ compiler default output file name
configure:3996: result: a.out
configure:4002: checking for suffix of executables
configure:4009: g++ -o conftest    conftest.cpp  >&5
configure:4013: $? = 0
configure:4036: result: 
configure:4058: checking whether we are cross compiling
configure:4066: g++ -o conftest    conftest.cpp  >&5
configure:4070: $? = 0
configure:4077: ./conftest
configure:4081: $? = 0
configure:4096: result: no
configure:4101: checking for suffix of object files
configure:4124: g++ -c   conftest.cpp >&5
configure:4128: $? = 0
configure:4150: result: o
configure:4154: checking whether the compiler supports GNU C++
configure:4174: g++ -c   conftest.cpp >&5
configure:4174: $? = 0
configure:4184: result: yes
configure:4195: checking whether g++ accepts -g
configure:4216: g++ -c -g  conftest.cpp >&5
configure:4216: $? = 0
configure:4260: result: yes
configure:4280: checking for g++ option to enable C++11 features
configure:4295: g++  -c -g -O2  conftest.cpp >&5
conftest.cpp: In function 'int main(int, char**)':
conftest.cpp:177:25: warning: empty parentheses were disambiguated as a function declaration [-Wvexing-parse]
  177 |   cxx11test::delegate d2();
      |                         ^~
conftest.cpp:177:25: note: remove parentheses to default-initialize a variable
  177 |   cxx11test::delegate d2();
      |                         ^~
      |                         --
conftest.cpp:177:25: note: or replace parentheses with braces to value-initialize a variable
configure:4295: $? = 0
configure:4313: result: none needed
configure:4380: checking whether make supports the include directive
configure:4395: make -f confmf.GNU && cat confinc.out
this is the am__doit target
configure:4398: $? = 0
configure:4417: result: yes (GNU style)
configure:4443: checking dependency style of g++
configure:4555: result: gcc3
configure:4587: checking whether g++ supports C++20 features with -std=c++20
configure:5410: g++ -std=c++20 -c -g -O2  conftest.cpp >&5
conftest.cpp:106:36: warning: 'volatile'-qualified parameter is deprecated [-Wvolatile]
  106 |     test(const int c, volatile int v)
      |                       ~~~~~~~~~~~~~^
configure:5410: $? = 0
configure:5420: result: yes
configure:5508: checking for ranlib
configure:5529: found /usr/bin/ranlib
configure:5540: result: ranlib
configure:5624: checking for gcc
configure:5645: found /usr/bin/gcc
configure:5656: result: gcc
configure:6009: checking for C compiler version
configure:6018: gcc --version >&5
gcc (Ubuntu 13.3.0-6ubuntu2~24.04) 13.3.0
Copyright (C) 2023 Free Software Foundation, Inc.
This is free software; see the source for copying conditions.  There is NO
warranty; not even for MERCHANTABILITY or FITNESS FOR A PARTICULAR PURPOSE.

configure:6029: $? = 0
configure:6018: gcc -v >&5
Using built-in specs.
COLLECT_GCC=gcc
COLLECT_LTO_WRAPPER=/usr/libexec/gcc/x86_64-linux-gnu/13/lto-wrapper
OFFLOAD_TARGET_NAMES=nvptx-none:amdgcn-amdhsa
OFFLOAD_TARGET_DEFAULT=1
Target: x86_64-linux-gnu
Configured with: ../src/configure -v --with-pkgversion='Ubuntu 13.3.0-6ubuntu2~24.04' --with-bugurl=file:///usr/share/doc/gcc-13/README.Bugs --enable-languages=c,ada,c++,go,d,fortran,objc,obj-c++,m2 --prefix=/usr --with-gcc-major-version-only --program-suffix=-13 --program-prefix=x86_64-linux-gnu- --enable-shared --enable-linker-build-id --libexecdir=/usr/libexec --without-included-gettext --enable-threads=posix --libdir=/usr/lib --enable-nls --enable-bootstrap --enable-clocale=gnu --enable-libstdcxx-debug --enable-libstdcxx-time=yes --with-default-libstdcxx-abi=new --enable-libstdcxx-backtrace --enable-gnu-unique-object --disable-vtable-verify --enable-plugin --enable-default-pie --with-system-zlib --enable-libphobos-checking=release --with-target-system-zlib=auto --enable-objc-gc=auto --enable-multiarch --disable-werror --enable-cet --with-arch-32=i686 --with-abi=m64 --with-multilib-list=m32,m64,mx32 --enable-multilib --with-tune=generic --enable-offload-targets=nvptx-none=/build/gcc-13-fG75Ri/gcc-13-13.3.0/debian/tmp-nvptx/usr,amdgcn-amdhsa=/build/gcc-13-fG75Ri/gcc-13-13.3.0/debian/tmp-gcn/usr --enable-offload-defaulted --without-cuda-driver --enable-checking=release --build=x86_64-linux-gnu --host=x86_64-linux-gnu --target=x86_64-linux-gnu --with-build-config=bootstrap-lto-lean --enable-link-serialization=2
Thread model: posix
Supported LTO compression algorithms: zlib zstd
gcc version 13.3.0 (Ubuntu 13.3.0-6ubuntu2~24.04) 
... rest of stderr output deleted ...
configure:6029: $? = 0
configure:6018: gcc -V >&5
gcc: error: unrecognized command-line option '-V'
gcc: fatal error: no input files
compilation terminated.
configure:6029: $? = 1
configure:6018: gcc -qversion >&5
gcc: error: unrecognized command-line option '-qversion'; did you mean '--version'?
gcc: fatal error: no input files
compilation terminated.
configure:6029: $? = 1
configure:6018: gcc -version >&5
gcc: error: unrecognized command-line option '-version'
gcc: fatal error: no input files
compilation terminated.
configure:6029: $? = 1
configure:6033: checking whether the compiler supports GNU C
configure:6053: gcc -c   conftest.c >&5
configure:6053: $? = 0
configure:6063: result: yes
configure:6074: checking whether gcc accepts -g
configure:6095: gcc -c -g  conftest.c >&5
configure:6095: $? = 0
configure:6139: result: yes
configure:6159: checking for gcc option to enable C11 features
configure:6174: gcc  -c -g -O2  conftest.c >&5
configure:6174: $? = 0
configure:6192: result: none needed
configure:6308: checking whether gcc understands -c and -o together
configure:6331: gcc -c conftest.c -o conftest2.o
configure:6334: $? = 0
configure:6331: gcc -c conftest.c -o conftest2.o
configure:6334: $? = 0
configure:6346: result: yes
configure:6365: checking dependency style of gcc
configure:6477: result: gcc3
configure:6548: checking for ar
configure:6569: found /usr/bin/ar
configure:6580: result: ar
configure:6606: checking the archiver (ar) interface
configure:6623: gcc -c -g -O2  conftest.c >&5
configure:6623: $? = 0
configure:6626: ar cru libconftest.a conftest.o >&5
ar: `u' modifier ignored since `D' is the default (see `U')
configure:6629: $? = 0
configure:6657: result: ar
configure:6710: checking for llvm-config
configure:6733: found /home/ollie/llvm-project/build/bin/llvm-config
configure:6746: result: /home/ollie/llvm-project/build/bin/llvm-config
configure:6800: checking for library -lrt (required by LLVM)
configure:6813: g++ -std=c++20 -o conftest -g -O2 -I/home/ollie/llvm-project/llvm/include -I/home/ollie/llvm-project/build/include    -fno-exceptions -funwind-tables -D_GNU_SOURCE -D_DEBUG -D_GLIBCXX_ASSERTIONS -D__STDC_CONSTANT_MACROS -D__STDC_FORMAT_MACROS -D__STDC_LIMIT_MACROS   -lrt conftest.cpp  >&5
configure:6813: $? = 0
configure:6815: result: yes
configure:6800: checking for library -ldl (required by LLVM)
configure:6813: g++ -std=c++20 -o conftest -g -O2 -I/home/ollie/llvm-project/llvm/include -I/home/ollie/llvm-project/build/include    -fno-exceptions -funwind-tables -D_GNU_SOURCE -D_DEBUG -D_GLIBCXX_ASSERTIONS -D__STDC_CONSTANT_MACROS -D__STDC_FORMAT_MACROS -D__STDC_LIMIT_MACROS   -ldl conftest.cpp  >&5
configure:6813: $? = 0
configure:6815: result: yes
configure:6800: checking for library -lm (required by LLVM)
configure:6813: g++ -std=c++20 -o conftest -g -O2 -I/home/ollie/llvm-project/llvm/include -I/home/ollie/llvm-project/build/include    -fno-exceptions -funwind-tables -D_GNU_SOURCE -D_DEBUG -D_GLIBCXX_ASSERTIONS -D__STDC_CONSTANT_MACROS -D__STDC_FORMAT_MACROS -D__STDC_LIMIT_MACROS   -lm conftest.cpp  >&5
configure:6813: $? = 0
configure:6815: result: yes
configure:6800: checking for library -lz (required by LLVM)
configure:6813: g++ -std=c++20 -o conftest -g -O2 -I/home/ollie/llvm-project/llvm/include -I/home/ollie/llvm-project/build/include    -fno-exceptions -funwind-tables -D_GNU_SOURCE -D_DEBUG -D_GLIBCXX_ASSERTIONS -D__STDC_CONSTANT_MACROS -D__STDC_FORMAT_MACROS -D__STDC_LIMIT_MACROS   -lz conftest.cpp  >&5
configure:6813: $? = 0
configure:6815: result: yes
configure:6800: checking for library -lzstd (required by LLVM)
configure:6813: g++ -std=c++20 -o conftest -g -O2 -I/home/ollie/llvm-project/llvm/include -I/home/ollie/llvm-project/build/include    -fno-exceptions -funwind-tables -D_GNU_SOURCE -D_DEBUG -D_GLIBCXX_ASSERTIONS -D__STDC_CONSTANT_MACROS -D__STDC_FORMAT_MACROS -D__STDC_LIMIT_MACROS   -lzstd conftest.cpp  >&5
configure:6813: $? = 0
configure:6815: result: yes
configure:6800: checking for library -ltinfo (required by LLVM)
configure:6813: g++ -std=c++20 -o conftest -g -O2 -I/home/ollie/llvm-project/llvm/include -I/home/ollie/llvm-project/build/include    -fno-exceptions -funwind-tables -D_GNU_SOURCE -D_DEBUG -D_GLIBCXX_ASSERTIONS -D__STDC_CONSTANT_MACROS -D__STDC_FORMAT_MACROS -D__STDC_LIMIT_MACROS   -ltinfo conftest.cpp  >&5
configure:6813: $? = 0
configure:6815: result: yes
configure:6800: checking for library -lxml2 (required by LLVM)
configure:6813: g++ -std=c++20 -o conftest -g -O2 -I/home/ollie/llvm-project/llvm/include -I/home/ollie/llvm-project/build/include    -fno-exceptions -funwind-tables -D_GNU_SOURCE -D_DEBUG -D_GLIBCXX_ASSERTIONS -D__STDC_CONSTANT_MACROS -D__STDC_FORMAT_MACROS -D__STDC_LIMIT_MACROS   -lxml2 conftest.cpp  >&5
configure:6813: $? = 0
configure:6815: result: yes
configure:6867: checking linking with LLVM
configure:6885: g++ -std=c++20 -o conftest -g -O2 -I/home/ollie/llvm-project/llvm/include -I/home/ollie/llvm-project/build/include    -fno-exceptions -funwind-tables -D_GNU_SOURCE -D_DEBUG -D_GLIBCXX_ASSERTIONS -D__STDC_CONSTANT_MACROS -D__STDC_FORMAT_MACROS -D__STDC_LIMIT_MACROS   -L/home/ollie/llvm-project/build/lib  -lrt -ldl -lm -lz -lzstd -ltinfo -lxml2 conftest.cpp  -lLLVMWindowsManifest -lLLVMXRay -lLLVMLibDriver -lLLVMDlltoolDriver -lLLVMTextAPIBinaryReader -lLLVMCoverage -lLLVMLineEditor -lLLVMX86TargetMCA -lLLVMX86Disassembler -lLLVMX86AsmParser -lLLVMX86CodeGen -lLLVMX86Desc -lLLVMX86Info -lLLVMOrcDebugging -lLLVMOrcJIT -lLLVMWindowsDriver -lLLVMMCJIT -lLLVMJITLink -lLLVMInterpreter -lLLVMExecutionEngine -lLLVMRuntimeDyld -lLLVMOrcTargetProcess -lLLVMOrcShared -lLLVMDWP -lLLVMDebugInfoLogicalView -lLLVMDebugInfoGSYM -lLLVMOption -lLLVMObjectYAML -lLLVMObjCopy -lLLVMMCA -lLLVMMCDisassembler -lLLVMLTO -lLLVMFrontendOpenACC -lLLVMFrontendHLSL -lLLVMFrontendDriver -lLLVMExtensions -lPolly -lPollyISL -lLLVMPasses -lLLVMHipStdPar -lLLVMCoroutines -lLLVMCFGuard -lLLVMipo -lLLVMInstrumentation -lLLVMVectorize -lLLVMLinker -lLLVMFrontendOpenMP -lLLVMFrontendOffloading -lLLVMDWARFLinkerParallel -lLLVMDWARFLinkerClassic -lLLVMDWARFLinker -lLLVMGlobalISel -lLLVMMIRParser -lLLVMAsmPrinter -lLLVMSelectionDAG -lLLVMCodeGen -lLLVMTarget -lLLVMObjCARCOpts -lLLVMCodeGenTypes -lLLVMIRPrinter -lLLVMInterfaceStub -lLLVMFileCheck -lLLVMFuzzMutate -lLLVMScalarOpts -lLLVMInstCombine -lLLVMAggressiveInstCombine -lLLVMTransformUtils -lLLVMBitWriter -lLLVMAnalysis -lLLVMProfileData -lLLVMSymbolize -lLLVMDebugInfoBTF -lLLVMDebugInfoPDB -lLLVMDebugInfoMSF -lLLVMDebugInfoDWARF -lLLVMObject -lLLVMTextAPI -lLLVMMCParser -lLLVMIRReader -lLLVMAsmParser -lLLVMMC -lLLVMDebugInfoCodeView -lLLVMBitReader -lLLVMFuzzerCLI -lLLVMCore -lLLVMRemarks -lLLVMBitstreamReader -lLLVMBinaryFormat -lLLVMTargetParser -lLLVMTableGen -lLLVMSupport -lLLVMDemangle >&5
/usr/bin/ld: /home/ollie/llvm-project/build/lib/libLLVMSupport.a(Process.cpp.o): in function `llvm::sys::Process::FileDescriptorHasColors(int)':
Process.cpp:(.text._ZN4llvm3sys7Process23FileDescriptorHasColorsEi+0x66): undefined reference to `set_curterm'
/usr/bin/ld: Process.cpp:(.text._ZN4llvm3sys7Process23FileDescriptorHasColorsEi+0x7f): undefined reference to `setupterm'
/usr/bin/ld: Process.cpp:(.text._ZN4llvm3sys7Process23FileDescriptorHasColorsEi+0xa0): undefined reference to `tigetnum'
/usr/bin/ld: Process.cpp:(.text._ZN4llvm3sys7Process23FileDescriptorHasColorsEi+0xaf): undefined reference to `set_curterm'
/usr/bin/ld: Process.cpp:(.text._ZN4llvm3sys7Process23FileDescriptorHasColorsEi+0xb7): undefined reference to `del_curterm'
/usr/bin/ld: /home/ollie/llvm-project/build/lib/libLLVMSupport.a(Process.cpp.o): in function `llvm::sys::Process::StandardOutHasColors()':
Process.cpp:(.text._ZN4llvm3sys7Process20StandardOutHasColorsEv+0x66): undefined reference to `set_curterm'
/usr/bin/ld: Process.cpp:(.text._ZN4llvm3sys7Process20StandardOutHasColorsEv+0x82): undefined reference to `setupterm'
/usr/bin/ld: Process.cpp:(.text._ZN4llvm3sys7Process20StandardOutHasColorsEv+0xa0): undefined reference to `tigetnum'
/usr/bin/ld: Process.cpp:(.text._ZN4llvm3sys7Process20StandardOutHasColorsEv+0xaf): undefined reference to `set_curterm'
/usr/bin/ld: Process.cpp:(.text._ZN4llvm3sys7Process20StandardOutHasColorsEv+0xb7): undefined reference to `del_curterm'
/usr/bin/ld: /home/ollie/llvm-project/build/lib/libLLVMSupport.a(Process.cpp.o): in function `llvm::sys::Process::StandardErrHasColors()':
Process.cpp:(.text._ZN4llvm3sys7Process20StandardErrHasColorsEv+0x66): undefined reference to `set_curterm'
/usr/bin/ld: Process.cpp:(.text._ZN4llvm3sys7Process20StandardErrHasColorsEv+0x82): undefined reference to `setupterm'
/usr/bin/ld: Process.cpp:(.text._ZN4llvm3sys7Process20StandardErrHasColorsEv+0xa0): undefined reference to `tigetnum'
/usr/bin/ld: Process.cpp:(.text._ZN4llvm3sys7Process20StandardErrHasColorsEv+0xaf): undefined reference to `set_curterm'
/usr/bin/ld: Process.cpp:(.text._ZN4llvm3sys7Process20StandardErrHasColorsEv+0xb7): undefined reference to `del_curterm'
collect2: error: ld returned 1 exit status
configure:6885: $? = 1
configure: failed program was:
| /* confdefs.h */
| #define PACKAGE_NAME "GenMC"
| #define PACKAGE_TARNAME "genmc"
| #define PACKAGE_VERSION "0.10.1"
| #define PACKAGE_STRING "GenMC 0.10.1"
| #define PACKAGE_BUGREPORT "michalis@mpi-sws.org"
| #define PACKAGE_URL "https://plv.mpi-sws.org/genmc"
| #define PACKAGE "genmc"
| #define VERSION "0.10.1"
| #define HAVE_CXX20 1
| /* end confdefs.h.  */
| 
| #include <llvm/Support/Debug.h>
| #include <llvm/Support/raw_ostream.h>
| 
| int
| main (void)
| {
| 
|   llvm::dbgs() << "Successfully linked.\n";
| 
|   ;
|   return 0;
| }
configure:6890: result: no
configure:6898: Trying another way of calling llvm-config.
configure:6901: checking linking with LLVM
configure:6919: g++ -std=c++20 -o conftest -g -O2 -I/home/ollie/llvm-project/llvm/include -I/home/ollie/llvm-project/build/include    -fno-exceptions -funwind-tables -D_GNU_SOURCE -D_DEBUG -D_GLIBCXX_ASSERTIONS -D__STDC_CONSTANT_MACROS -D__STDC_FORMAT_MACROS -D__STDC_LIMIT_MACROS   -L/home/ollie/llvm-project/build/lib  -lrt -ldl -lm -lz -lzstd -ltinfo -lxml2 conftest.cpp  -lLLVMWindowsManifest -lLLVMXRay -lLLVMLibDriver -lLLVMDlltoolDriver -lLLVMTextAPIBinaryReader -lLLVMCoverage -lLLVMLineEditor -lLLVMX86TargetMCA -lLLVMX86Disassembler -lLLVMX86AsmParser -lLLVMX86CodeGen -lLLVMX86Desc -lLLVMX86Info -lLLVMOrcDebugging -lLLVMOrcJIT -lLLVMWindowsDriver -lLLVMMCJIT -lLLVMJITLink -lLLVMInterpreter -lLLVMExecutionEngine -lLLVMRuntimeDyld -lLLVMOrcTargetProcess -lLLVMOrcShared -lLLVMDWP -lLLVMDebugInfoLogicalView -lLLVMDebugInfoGSYM -lLLVMOption -lLLVMObjectYAML -lLLVMObjCopy -lLLVMMCA -lLLVMMCDisassembler -lLLVMLTO -lLLVMFrontendOpenACC -lLLVMFrontendHLSL -lLLVMFrontendDriver -lLLVMExtensions -lPolly -lPollyISL -lLLVMPasses -lLLVMHipStdPar -lLLVMCoroutines -lLLVMCFGuard -lLLVMipo -lLLVMInstrumentation -lLLVMVectorize -lLLVMLinker -lLLVMFrontendOpenMP -lLLVMFrontendOffloading -lLLVMDWARFLinkerParallel -lLLVMDWARFLinkerClassic -lLLVMDWARFLinker -lLLVMGlobalISel -lLLVMMIRParser -lLLVMAsmPrinter -lLLVMSelectionDAG -lLLVMCodeGen -lLLVMTarget -lLLVMObjCARCOpts -lLLVMCodeGenTypes -lLLVMIRPrinter -lLLVMInterfaceStub -lLLVMFileCheck -lLLVMFuzzMutate -lLLVMScalarOpts -lLLVMInstCombine -lLLVMAggressiveInstCombine -lLLVMTransformUtils -lLLVMBitWriter -lLLVMAnalysis -lLLVMProfileData -lLLVMSymbolize -lLLVMDebugInfoBTF -lLLVMDebugInfoPDB -lLLVMDebugInfoMSF -lLLVMDebugInfoDWARF -lLLVMObject -lLLVMTextAPI -lLLVMMCParser -lLLVMIRReader -lLLVMAsmParser -lLLVMMC -lLLVMDebugInfoCodeView -lLLVMBitReader -lLLVMFuzzerCLI -lLLVMCore -lLLVMRemarks -lLLVMBitstreamReader -lLLVMBinaryFormat -lLLVMTargetParser -lLLVMTableGen -lLLVMSupport -lLLVMDemangle -L/home/ollie/llvm-project/build/lib  -lrt -ldl -lm -lz -lzstd -ltinfo -lxml2 >&5
configure:6919: $? = 0
configure:6921: result: yes
configure:6940: checking for LLVM
configure:6943: result: 18.1.7 (Release)
configure:7030: checking for clang-18
configure:7053: found /home/ollie/llvm-project/build/bin/clang-18
configure:7065: result: /home/ollie/llvm-project/build/bin/clang-18
configure:7158: checking for clang++-18
configure:7181: found /usr/bin/clang++-18
configure:7193: result: /usr/bin/clang++-18
configure:7304: checking for git
configure:7327: found /usr/bin/git
configure:7340: result: /usr/bin/git
configure:7358: checking the git commit of build repository
configure:7368: result: 6b8064e
configure:7378: checking for dlopen in -ldl
configure:7400: g++ -std=c++20 -o conftest -g -O2 -I/home/ollie/llvm-project/llvm/include -I/home/ollie/llvm-project/build/include    -fno-exceptions -funwind-tables -D_GNU_SOURCE -D_DEBUG -D_GLIBCXX_ASSERTIONS -D__STDC_CONSTANT_MACROS -D__STDC_FORMAT_MACROS -D__STDC_LIMIT_MACROS   -L/home/ollie/llvm-project/build/lib  -lrt -ldl -lm -lz -lzstd -ltinfo -lxml2 conftest.cpp -ldl   -lLLVMWindowsManifest -lLLVMXRay -lLLVMLibDriver -lLLVMDlltoolDriver -lLLVMTextAPIBinaryReader -lLLVMCoverage -lLLVMLineEditor -lLLVMX86TargetMCA -lLLVMX86Disassembler -lLLVMX86AsmParser -lLLVMX86CodeGen -lLLVMX86Desc -lLLVMX86Info -lLLVMOrcDebugging -lLLVMOrcJIT -lLLVMWindowsDriver -lLLVMMCJIT -lLLVMJITLink -lLLVMInterpreter -lLLVMExecutionEngine -lLLVMRuntimeDyld -lLLVMOrcTargetProcess -lLLVMOrcShared -lLLVMDWP -lLLVMDebugInfoLogicalView -lLLVMDebugInfoGSYM -lLLVMOption -lLLVMObjectYAML -lLLVMObjCopy -lLLVMMCA -lLLVMMCDisassembler -lLLVMLTO -lLLVMFrontendOpenACC -lLLVMFrontendHLSL -lLLVMFrontendDriver -lLLVMExtensions -lPolly -lPollyISL -lLLVMPasses -lLLVMHipStdPar -lLLVMCoroutines -lLLVMCFGuard -lLLVMipo -lLLVMInstrumentation -lLLVMVectorize -lLLVMLinker -lLLVMFrontendOpenMP -lLLVMFrontendOffloading -lLLVMDWARFLinkerParallel -lLLVMDWARFLinkerClassic -lLLVMDWARFLinker -lLLVMGlobalISel -lLLVMMIRParser -lLLVMAsmPrinter -lLLVMSelectionDAG -lLLVMCodeGen -lLLVMTarget -lLLVMObjCARCOpts -lLLVMCodeGenTypes -lLLVMIRPrinter -lLLVMInterfaceStub -lLLVMFileCheck -lLLVMFuzzMutate -lLLVMScalarOpts -lLLVMInstCombine -lLLVMAggressiveInstCombine -lLLVMTransformUtils -lLLVMBitWriter -lLLVMAnalysis -lLLVMProfileData -lLLVMSymbolize -lLLVMDebugInfoBTF -lLLVMDebugInfoPDB -lLLVMDebugInfoMSF -lLLVMDebugInfoDWARF -lLLVMObject -lLLVMTextAPI -lLLVMMCParser -lLLVMIRReader -lLLVMAsmParser -lLLVMMC -lLLVMDebugInfoCodeView -lLLVMBitReader -lLLVMFuzzerCLI -lLLVMCore -lLLVMRemarks -lLLVMBitstreamReader -lLLVMBinaryFormat -lLLVMTargetParser -lLLVMTableGen -lLLVMSupport -lLLVMDemangle -L/home/ollie/llvm-project/build/lib  -lrt -ldl -lm -lz -lzstd -ltinfo -lxml2 >&5
configure:7400: $? = 0
configure:7410: result: yes
configure:7425: checking for ffi_call in -lffi
configure:7447: g++ -std=c++20 -o conftest -g -O2 -I/home/ollie/llvm-project/llvm/include -I/home/ollie/llvm-project/build/include    -fno-exceptions -funwind-tables -D_GNU_SOURCE -D_DEBUG -D_GLIBCXX_ASSERTIONS -D__STDC_CONSTANT_MACROS -D__STDC_FORMAT_MACROS -D__STDC_LIMIT_MACROS   -L/home/ollie/llvm-project/build/lib  -lrt -ldl -lm -lz -lzstd -ltinfo -lxml2 conftest.cpp -lffi  -ldl  -lLLVMWindowsManifest -lLLVMXRay -lLLVMLibDriver -lLLVMDlltoolDriver -lLLVMTextAPIBinaryReader -lLLVMCoverage -lLLVMLineEditor -lLLVMX86TargetMCA -lLLVMX86Disassembler -lLLVMX86AsmParser -lLLVMX86CodeGen -lLLVMX86Desc -lLLVMX86Info -lLLVMOrcDebugging -lLLVMOrcJIT -lLLVMWindowsDriver -lLLVMMCJIT -lLLVMJITLink -lLLVMInterpreter -lLLVMExecutionEngine -lLLVMRuntimeDyld -lLLVMOrcTargetProcess -lLLVMOrcShared -lLLVMDWP -lLLVMDebugInfoLogicalView -lLLVMDebugInfoGSYM -lLLVMOption -lLLVMObjectYAML -lLLVMObjCopy -lLLVMMCA -lLLVMMCDisassembler -lLLVMLTO -lLLVMFrontendOpenACC -lLLVMFrontendHLSL -lLLVMFrontendDriver -lLLVMExtensions -lPolly -lPollyISL -lLLVMPasses -lLLVMHipStdPar -lLLVMCoroutines -lLLVMCFGuard -lLLVMipo -lLLVMInstrumentation -lLLVMVectorize -lLLVMLinker -lLLVMFrontendOpenMP -lLLVMFrontendOffloading -lLLVMDWARFLinkerParallel -lLLVMDWARFLinkerClassic -lLLVMDWARFLinker -lLLVMGlobalISel -lLLVMMIRParser -lLLVMAsmPrinter -lLLVMSelectionDAG -lLLVMCodeGen -lLLVMTarget -lLLVMObjCARCOpts -lLLVMCodeGenTypes -lLLVMIRPrinter -lLLVMInterfaceStub -lLLVMFileCheck -lLLVMFuzzMutate -lLLVMScalarOpts -lLLVMInstCombine -lLLVMAggressiveInstCombine -lLLVMTransformUtils -lLLVMBitWriter -lLLVMAnalysis -lLLVMProfileData -lLLVMSymbolize -lLLVMDebugInfoBTF -lLLVMDebugInfoPDB -lLLVMDebugInfoMSF -lLLVMDebugInfoDWARF -lLLVMObject -lLLVMTextAPI -lLLVMMCParser -lLLVMIRReader -lLLVMAsmParser -lLLVMMC -lLLVMDebugInfoCodeView -lLLVMBitReader -lLLVMFuzzerCLI -lLLVMCore -lLLVMRemarks -lLLVMBitstreamReader -lLLVMBinaryFormat -lLLVMTargetParser -lLLVMTableGen -lLLVMSupport -lLLVMDemangle -L/home/ollie/llvm-project/build/lib  -lrt -ldl -lm -lz -lzstd -ltinfo -lxml2 >&5
configure:7447: $? = 0
configure:7457: result: yes
configure:7472: checking for hwloc_topology_init in -lhwloc
configure:7494: g++ -std=c++20 -o conftest -g -O2 -I/home/ollie/llvm-project/llvm/include -I/home/ollie/llvm-project/build/include    -fno-exceptions -funwind-tables -D_GNU_SOURCE -D_DEBUG -D_GLIBCXX_ASSERTIONS -D__STDC_CONSTANT_MACROS -D__STDC_FORMAT_MACROS -D__STDC_LIMIT_MACROS   -L/home/ollie/llvm-project/build/lib  -lrt -ldl -lm -lz -lzstd -ltinfo -lxml2 conftest.cpp -lhwloc  -lffi -ldl  -lLLVMWindowsManifest -lLLVMXRay -lLLVMLibDriver -lLLVMDlltoolDriver -lLLVMTextAPIBinaryReader -lLLVMCoverage -lLLVMLineEditor -lLLVMX86TargetMCA -lLLVMX86Disassembler -lLLVMX86AsmParser -lLLVMX86CodeGen -lLLVMX86Desc -lLLVMX86Info -lLLVMOrcDebugging -lLLVMOrcJIT -lLLVMWindowsDriver -lLLVMMCJIT -lLLVMJITLink -lLLVMInterpreter -lLLVMExecutionEngine -lLLVMRuntimeDyld -lLLVMOrcTargetProcess -lLLVMOrcShared -lLLVMDWP -lLLVMDebugInfoLogicalView -lLLVMDebugInfoGSYM -lLLVMOption -lLLVMObjectYAML -lLLVMObjCopy -lLLVMMCA -lLLVMMCDisassembler -lLLVMLTO -lLLVMFrontendOpenACC -lLLVMFrontendHLSL -lLLVMFrontendDriver -lLLVMExtensions -lPolly -lPollyISL -lLLVMPasses -lLLVMHipStdPar -lLLVMCoroutines -lLLVMCFGuard -lLLVMipo -lLLVMInstrumentation -lLLVMVectorize -lLLVMLinker -lLLVMFrontendOpenMP -lLLVMFrontendOffloading -lLLVMDWARFLinkerParallel -lLLVMDWARFLinkerClassic -lLLVMDWARFLinker -lLLVMGlobalISel -lLLVMMIRParser -lLLVMAsmPrinter -lLLVMSelectionDAG -lLLVMCodeGen -lLLVMTarget -lLLVMObjCARCOpts -lLLVMCodeGenTypes -lLLVMIRPrinter -lLLVMInterfaceStub -lLLVMFileCheck -lLLVMFuzzMutate -lLLVMScalarOpts -lLLVMInstCombine -lLLVMAggressiveInstCombine -lLLVMTransformUtils -lLLVMBitWriter -lLLVMAnalysis -lLLVMProfileData -lLLVMSymbolize -lLLVMDebugInfoBTF -lLLVMDebugInfoPDB -lLLVMDebugInfoMSF -lLLVMDebugInfoDWARF -lLLVMObject -lLLVMTextAPI -lLLVMMCParser -lLLVMIRReader -lLLVMAsmParser -lLLVMMC -lLLVMDebugInfoCodeView -lLLVMBitReader -lLLVMFuzzerCLI -lLLVMCore -lLLVMRemarks -lLLVMBitstreamReader -lLLVMBinaryFormat -lLLVMTargetParser -lLLVMTableGen -lLLVMSupport -lLLVMDemangle -L/home/ollie/llvm-project/build/lib  -lrt -ldl -lm -lz -lzstd -ltinfo -lxml2 >&5
/usr/bin/ld: cannot find -lhwloc: No such file or directory
collect2: error: ld returned 1 exit status
configure:7494: $? = 1
configure: failed program was:
| /* confdefs.h */
| #define PACKAGE_NAME "GenMC"
| #define PACKAGE_TARNAME "genmc"
| #define PACKAGE_VERSION "0.10.1"
| #define PACKAGE_STRING "GenMC 0.10.1"
| #define PACKAGE_BUGREPORT "michalis@mpi-sws.org"
| #define PACKAGE_URL "https://plv.mpi-sws.org/genmc"
| #define PACKAGE "genmc"
| #define VERSION "0.10.1"
| #define HAVE_CXX20 1
| #define HAVE_LLVM 1
| #define LLVM_VERSION "18.1.7"
| #define LLVM_BUILDMODE "Release"
| #define CLANGPATH "/home/ollie/llvm-project/build/bin/clang-18"
| #define GIT_COMMIT "6b8064e"
| #define HAVE_LIBDL 1
| #define HAVE_LIBFFI 1
| /* end confdefs.h.  */
| 
| namespace conftest {
|   extern "C" int hwloc_topology_init ();
| }
| int
| main (void)
| {
| return conftest::hwloc_topology_init ();
|   ;
|   return 0;
| }
configure:7504: result: no
configure:7516: checking whether enum class can be used as unordered_map<> key
configure:7535: g++ -std=c++20 -c -g -O2 -I/home/ollie/llvm-project/llvm/include -I/home/ollie/llvm-project/build/include    -fno-exceptions -funwind-tables -D_GNU_SOURCE -D_DEBUG -D_GLIBCXX_ASSERTIONS -D__STDC_CONSTANT_MACROS -D__STDC_FORMAT_MACROS -D__STDC_LIMIT_MACROS  conftest.cpp >&5
configure:7535: $? = 0
configure:7540: result: yes
configure:7554: checking for stdio.h
configure:7554: g++ -std=c++20 -c -g -O2 -I/home/ollie/llvm-project/llvm/include -I/home/ollie/llvm-project/build/include    -fno-exceptions -funwind-tables -D_GNU_SOURCE -D_DEBUG -D_GLIBCXX_ASSERTIONS -D__STDC_CONSTANT_MACROS -D__STDC_FORMAT_MACROS -D__STDC_LIMIT_MACROS  conftest.cpp >&5
configure:7554: $? = 0
configure:7554: result: yes
configure:7554: checking for stdlib.h
configure:7554: g++ -std=c++20 -c -g -O2 -I/home/ollie/llvm-project/llvm/include -I/home/ollie/llvm-project/build/include    -fno-exceptions -funwind-tables -D_GNU_SOURCE -D_DEBUG -D_GLIBCXX_ASSERTIONS -D__STDC_CONSTANT_MACROS -D__STDC_FORMAT_MACROS -D__STDC_LIMIT_MACROS  conftest.cpp >&5
configure:7554: $? = 0
configure:7554: result: yes
configure:7554: checking for string.h
configure:7554: g++ -std=c++20 -c -g -O2 -I/home/ollie/llvm-project/llvm/include -I/home/ollie/llvm-project/build/include    -fno-exceptions -funwind-tables -D_GNU_SOURCE -D_DEBUG -D_GLIBCXX_ASSERTIONS -D__STDC_CONSTANT_MACROS -D__STDC_FORMAT_MACROS -D__STDC_LIMIT_MACROS  conftest.cpp >&5
configure:7554: $? = 0
configure:7554: result: yes
configure:7554: checking for inttypes.h
configure:7554: g++ -std=c++20 -c -g -O2 -I/home/ollie/llvm-project/llvm/include -I/home/ollie/llvm-project/build/include    -fno-exceptions -funwind-tables -D_GNU_SOURCE -D_DEBUG -D_GLIBCXX_ASSERTIONS -D__STDC_CONSTANT_MACROS -D__STDC_FORMAT_MACROS -D__STDC_LIMIT_MACROS  conftest.cpp >&5
configure:7554: $? = 0
configure:7554: result: yes
configure:7554: checking for stdint.h
configure:7554: g++ -std=c++20 -c -g -O2 -I/home/ollie/llvm-project/llvm/include -I/home/ollie/llvm-project/build/include    -fno-exceptions -funwind-tables -D_GNU_SOURCE -D_DEBUG -D_GLIBCXX_ASSERTIONS -D__STDC_CONSTANT_MACROS -D__STDC_FORMAT_MACROS -D__STDC_LIMIT_MACROS  conftest.cpp >&5
configure:7554: $? = 0
configure:7554: result: yes
configure:7554: checking for strings.h
configure:7554: g++ -std=c++20 -c -g -O2 -I/home/ollie/llvm-project/llvm/include -I/home/ollie/llvm-project/build/include    -fno-exceptions -funwind-tables -D_GNU_SOURCE -D_DEBUG -D_GLIBCXX_ASSERTIONS -D__STDC_CONSTANT_MACROS -D__STDC_FORMAT_MACROS -D__STDC_LIMIT_MACROS  conftest.cpp >&5
configure:7554: $? = 0
configure:7554: result: yes
configure:7554: checking for sys/stat.h
configure:7554: g++ -std=c++20 -c -g -O2 -I/home/ollie/llvm-project/llvm/include -I/home/ollie/llvm-project/build/include    -fno-exceptions -funwind-tables -D_GNU_SOURCE -D_DEBUG -D_GLIBCXX_ASSERTIONS -D__STDC_CONSTANT_MACROS -D__STDC_FORMAT_MACROS -D__STDC_LIMIT_MACROS  conftest.cpp >&5
configure:7554: $? = 0
configure:7554: result: yes
configure:7554: checking for sys/types.h
configure:7554: g++ -std=c++20 -c -g -O2 -I/home/ollie/llvm-project/llvm/include -I/home/ollie/llvm-project/build/include    -fno-exceptions -funwind-tables -D_GNU_SOURCE -D_DEBUG -D_GLIBCXX_ASSERTIONS -D__STDC_CONSTANT_MACROS -D__STDC_FORMAT_MACROS -D__STDC_LIMIT_MACROS  conftest.cpp >&5
configure:7554: $? = 0
configure:7554: result: yes
configure:7554: checking for unistd.h
configure:7554: g++ -std=c++20 -c -g -O2 -I/home/ollie/llvm-project/llvm/include -I/home/ollie/llvm-project/build/include    -fno-exceptions -funwind-tables -D_GNU_SOURCE -D_DEBUG -D_GLIBCXX_ASSERTIONS -D__STDC_CONSTANT_MACROS -D__STDC_FORMAT_MACROS -D__STDC_LIMIT_MACROS  conftest.cpp >&5
configure:7554: $? = 0
configure:7554: result: yes
configure:7582: checking for stdlib.h
configure:7582: result: yes
configure:7582: checking for llvm/ExecutionEngine/ExecutionEngine.h
configure:7582: g++ -std=c++20 -c -g -O2 -I/home/ollie/llvm-project/llvm/include -I/home/ollie/llvm-project/build/include    -fno-exceptions -funwind-tables -D_GNU_SOURCE -D_DEBUG -D_GLIBCXX_ASSERTIONS -D__STDC_CONSTANT_MACROS -D__STDC_FORMAT_MACROS -D__STDC_LIMIT_MACROS  conftest.cpp >&5
configure:7582: $? = 0
configure:7582: result: yes
configure:7582: checking for llvm/IR/LegacyPassManager.h
configure:7582: g++ -std=c++20 -c -g -O2 -I/home/ollie/llvm-project/llvm/include -I/home/ollie/llvm-project/build/include    -fno-exceptions -funwind-tables -D_GNU_SOURCE -D_DEBUG -D_GLIBCXX_ASSERTIONS -D__STDC_CONSTANT_MACROS -D__STDC_FORMAT_MACROS -D__STDC_LIMIT_MACROS  conftest.cpp >&5
configure:7582: $? = 0
configure:7582: result: yes
configure:7607: checking for llvm/Transforms/Utils.h
configure:7607: g++ -std=c++20 -c -g -O2 -I/home/ollie/llvm-project/llvm/include -I/home/ollie/llvm-project/build/include    -fno-exceptions -funwind-tables -D_GNU_SOURCE -D_DEBUG -D_GLIBCXX_ASSERTIONS -D__STDC_CONSTANT_MACROS -D__STDC_FORMAT_MACROS -D__STDC_LIMIT_MACROS  conftest.cpp >&5
configure:7607: $? = 0
configure:7607: result: yes
configure:7607: checking for llvm/Transforms/Scalar.h
configure:7607: g++ -std=c++20 -c -g -O2 -I/home/ollie/llvm-project/llvm/include -I/home/ollie/llvm-project/build/include    -fno-exceptions -funwind-tables -D_GNU_SOURCE -D_DEBUG -D_GLIBCXX_ASSERTIONS -D__STDC_CONSTANT_MACROS -D__STDC_FORMAT_MACROS -D__STDC_LIMIT_MACROS  conftest.cpp >&5
configure:7607: $? = 0
configure:7607: result: yes
configure:7631: checking for ffi/ffi.h
configure:7631: g++ -std=c++20 -c -g -O2 -I/home/ollie/llvm-project/llvm/include -I/home/ollie/llvm-project/build/include    -fno-exceptions -funwind-tables -D_GNU_SOURCE -D_DEBUG -D_GLIBCXX_ASSERTIONS -D__STDC_CONSTANT_MACROS -D__STDC_FORMAT_MACROS -D__STDC_LIMIT_MACROS  conftest.cpp >&5
conftest.cpp:64:10: fatal error: ffi/ffi.h: No such file or directory
   64 | #include <ffi/ffi.h>
      |          ^~~~~~~~~~~
compilation terminated.
configure:7631: $? = 1
configure: failed program was:
| /* confdefs.h */
| #define PACKAGE_NAME "GenMC"
| #define PACKAGE_TARNAME "genmc"
| #define PACKAGE_VERSION "0.10.1"
| #define PACKAGE_STRING "GenMC 0.10.1"
| #define PACKAGE_BUGREPORT "michalis@mpi-sws.org"
| #define PACKAGE_URL "https://plv.mpi-sws.org/genmc"
| #define PACKAGE "genmc"
| #define VERSION "0.10.1"
| #define HAVE_CXX20 1
| #define HAVE_LLVM 1
| #define LLVM_VERSION "18.1.7"
| #define LLVM_BUILDMODE "Release"
| #define CLANGPATH "/home/ollie/llvm-project/build/bin/clang-18"
| #define GIT_COMMIT "6b8064e"
| #define HAVE_LIBDL 1
| #define HAVE_LIBFFI 1
| #define STDLIBCPP_SUPPORTS_ENUM_MAP_KEYS 1
| #define HAVE_STDIO_H 1
| #define HAVE_STDLIB_H 1
| #define HAVE_STRING_H 1
| #define HAVE_INTTYPES_H 1
| #define HAVE_STDINT_H 1
| #define HAVE_STRINGS_H 1
| #define HAVE_SYS_STAT_H 1
| #define HAVE_SYS_TYPES_H 1
| #define HAVE_UNISTD_H 1
| #define STDC_HEADERS 1
| #define HAVE_STDLIB_H 1
| #define HAVE_LLVM_EXECUTIONENGINE_EXECUTIONENGINE_H 1
| #define HAVE_LLVM_IR_LEGACYPASSMANAGER_H 1
| #define HAVE_LLVM_TRANSFORMS_UTILS_H 1
| #define HAVE_LLVM_TRANSFORMS_SCALAR_H 1
| /* end confdefs.h.  */
| #include <stddef.h>
| #ifdef HAVE_STDIO_H
| # include <stdio.h>
| #endif
| #ifdef HAVE_STDLIB_H
| # include <stdlib.h>
| #endif
| #ifdef HAVE_STRING_H
| # include <string.h>
| #endif
| #ifdef HAVE_INTTYPES_H
| # include <inttypes.h>
| #endif
| #ifdef HAVE_STDINT_H
| # include <stdint.h>
| #endif
| #ifdef HAVE_STRINGS_H
| # include <strings.h>
| #endif
| #ifdef HAVE_SYS_TYPES_H
| # include <sys/types.h>
| #endif
| #ifdef HAVE_SYS_STAT_H
| # include <sys/stat.h>
| #endif
| #ifdef HAVE_UNISTD_H
| # include <unistd.h>
| #endif
| 
| #include <ffi/ffi.h>
configure:7631: result: no
configure:7641: checking for ffi.h
configure:7641: g++ -std=c++20 -c -g -O2 -I/home/ollie/llvm-project/llvm/include -I/home/ollie/llvm-project/build/include    -fno-exceptions -funwind-tables -D_GNU_SOURCE -D_DEBUG -D_GLIBCXX_ASSERTIONS -D__STDC_CONSTANT_MACROS -D__STDC_FORMAT_MACROS -D__STDC_LIMIT_MACROS  conftest.cpp >&5
configure:7641: $? = 0
configure:7641: result: yes
configure:7775: checking for doxygen
configure:7813: result: no
configure:7833: WARNING: doxygen not found - will not generate any doxygen documentation
configure:7891: checking for perl
configure:7914: found /usr/bin/perl
configure:7926: result: /usr/bin/perl
configure:9984: checking for clang-tidy
configure:10007: found /home/ollie/llvm-project/build/bin/clang-tidy
configure:10020: result: /home/ollie/llvm-project/build/bin/clang-tidy
configure:10142: checking that generated files are newer than configure
configure:10148: result: done
configure:10183: creating ./config.status

## ---------------------- ##
## Running config.status. ##
## ---------------------- ##

This file was extended by GenMC config.status 0.10.1, which was
generated by GNU Autoconf 2.71.  Invocation command line was

  CONFIG_FILES    = 
  CONFIG_HEADERS  = 
  CONFIG_LINKS    = 
  CONFIG_COMMANDS = 
  $ ./config.status 

on Heather

config.status:939: creating Makefile
config.status:939: creating config.h
config.status:1168: executing depfiles commands
config.status:1245: cd .       && sed -e '/# am--include-marker/d' Makefile         | make -f - am--depfiles
make: Nothing to be done for 'am--depfiles'.
config.status:1250: $? = 0

## ---------------- ##
## Cache variables. ##
## ---------------- ##

ac_cv_c_compiler_gnu=yes
ac_cv_cxx_compiler_gnu=yes
ac_cv_env_CCC_set=
ac_cv_env_CCC_value=
ac_cv_env_CC_set=
ac_cv_env_CC_value=
ac_cv_env_CFLAGS_set=
ac_cv_env_CFLAGS_value=
ac_cv_env_CPPFLAGS_set=
ac_cv_env_CPPFLAGS_value=
ac_cv_env_CXXFLAGS_set=
ac_cv_env_CXXFLAGS_value=
ac_cv_env_CXX_set=
ac_cv_env_CXX_value=
ac_cv_env_DOXYGEN_PAPER_SIZE_set=
ac_cv_env_DOXYGEN_PAPER_SIZE_value=
ac_cv_env_LDFLAGS_set=
ac_cv_env_LDFLAGS_value=
ac_cv_env_LIBS_set=
ac_cv_env_LIBS_value=
ac_cv_env_build_alias_set=
ac_cv_env_build_alias_value=
ac_cv_env_host_alias_set=
ac_cv_env_host_alias_value=
ac_cv_env_target_alias_set=
ac_cv_env_target_alias_value=
ac_cv_header_ffi_ffi_h=no
ac_cv_header_ffi_h=yes
ac_cv_header_inttypes_h=yes
ac_cv_header_llvm_ExecutionEngine_ExecutionEngine_h=yes
ac_cv_header_llvm_IR_LegacyPassManager_h=yes
ac_cv_header_llvm_Transforms_Scalar_h=yes
ac_cv_header_llvm_Transforms_Utils_h=yes
ac_cv_header_stdint_h=yes
ac_cv_header_stdio_h=yes
ac_cv_header_stdlib_h=yes
ac_cv_header_string_h=yes
ac_cv_header_strings_h=yes
ac_cv_header_sys_stat_h=yes
ac_cv_header_sys_types_h=yes
ac_cv_header_unistd_h=yes
ac_cv_lib_dl_dlopen=yes
ac_cv_lib_ffi_ffi_call=yes
ac_cv_lib_hwloc_hwloc_topology_init=no
ac_cv_objext=o
ac_cv_path_CLANG=/home/ollie/llvm-project/build/bin/clang-18
ac_cv_path_CLANGXX=/usr/bin/clang++-18
ac_cv_path_CPPLINT=/home/ollie/llvm-project/build/bin/clang-tidy
ac_cv_path_GIT=/usr/bin/git
ac_cv_path_LLVMCONFIG=/home/ollie/llvm-project/build/bin/llvm-config
ac_cv_path_ac_pt_DX_PERL=/usr/bin/perl
ac_cv_path_install='/usr/bin/install -c'
ac_cv_path_mkdir=/usr/bin/mkdir
ac_cv_prog_AWK=gawk
ac_cv_prog_ac_ct_AR=ar
ac_cv_prog_ac_ct_CC=gcc
ac_cv_prog_ac_ct_CXX=g++
ac_cv_prog_ac_ct_RANLIB=ranlib
ac_cv_prog_cc_c11=
ac_cv_prog_cc_g=yes
ac_cv_prog_cc_stdc=
ac_cv_prog_cxx_cxx11=
ac_cv_prog_cxx_g=yes
ac_cv_prog_cxx_stdcxx=
ac_cv_prog_make_make_set=yes
am_cv_CC_dependencies_compiler_type=gcc3
am_cv_CXX_dependencies_compiler_type=gcc3
am_cv_ar_interface=ar
am_cv_make_support_nested_variables=yes
am_cv_prog_cc_c_o=yes
ax_cv_cxx_compile_cxx20__std_cpp20=yes

## ----------------- ##
## Output variables. ##
## ----------------- ##

ACLOCAL='${SHELL} '\''/home/ollie/Desktop/mixer/genmc-tool/missing'\'' aclocal-1.16'
AMDEPBACKSLASH='\'
AMDEP_FALSE='#'
AMDEP_TRUE=''
AMTAR='$${TAR-tar}'
AM_BACKSLASH='\'
AM_DEFAULT_V='$(AM_DEFAULT_VERBOSITY)'
AM_DEFAULT_VERBOSITY='0'
AM_V='$(V)'
AR='ar'
AUTOCONF='${SHELL} '\''/home/ollie/Desktop/mixer/genmc-tool/missing'\'' autoconf'
AUTOHEADER='${SHELL} '\''/home/ollie/Desktop/mixer/genmc-tool/missing'\'' autoheader'
AUTOMAKE='${SHELL} '\''/home/ollie/Desktop/mixer/genmc-tool/missing'\'' automake-1.16'
AWK='gawk'
CC='gcc'
CCDEPMODE='depmode=gcc3'
CFLAGS='-g -O2'
CLANG='/home/ollie/llvm-project/build/bin/clang-18'
CLANGXX='/usr/bin/clang++-18'
COVERAGE_CFLAGS=''
COVERAGE_CXXFLAGS=''
COVERAGE_LDFLAGS=''
CPPFLAGS=''
CPPLINT='/home/ollie/llvm-project/build/bin/clang-tidy'
CSCOPE='cscope'
CTAGS='ctags'
CXX='g++ -std=c++20'
CXXDEPMODE='depmode=gcc3'
CXXFLAGS='-g -O2 -I/home/ollie/llvm-project/llvm/include -I/home/ollie/llvm-project/build/include    -fno-exceptions -funwind-tables -D_GNU_SOURCE -D_DEBUG -D_GLIBCXX_ASSERTIONS -D__STDC_CONSTANT_MACROS -D__STDC_FORMAT_MACROS -D__STDC_LIMIT_MACROS'
CYGPATH_W='echo'
DEFS='-DHAVE_CONFIG_H'
DEPDIR='.deps'
DOT_PATH=''
DOXYGEN_PAPER_SIZE=''
DX_CONFIG='doc/Doxyfile'
DX_DOCDIR='doc/doxygen'
DX_DOT=''
DX_DOXYGEN=''
DX_DVIPS=''
DX_EGREP=''
DX_ENV=' SRCDIR='\''.'\'' PROJECT='\''genmc'\'' VERSION='\''0.10.1'\'' HAVE_DOT='\''NO'\'' GENERATE_MAN='\''NO'\'' GENERATE_RTF='\''NO'\'' GENERATE_XML='\''NO'\'' GENERATE_HTMLHELP='\''NO'\'' GENERATE_CHI='\''NO'\'' GENERATE_HTML='\''NO'\'' GENERATE_LATEX='\''NO'\'''
DX_FLAG_chi='0'
DX_FLAG_chm='0'
DX_FLAG_doc='0'
DX_FLAG_dot='0'
DX_FLAG_html='0'
DX_FLAG_man='0'
DX_FLAG_pdf='0'
DX_FLAG_ps='0'
DX_FLAG_rtf='0'
DX_FLAG_xml='0'
DX_HHC=''
DX_LATEX=''
DX_MAKEINDEX=''
DX_PDFLATEX=''
DX_PERL='/usr/bin/perl'
DX_PROJECT='genmc'
DX_RULES=''
ECHO_C=''
ECHO_N='-n'
ECHO_T=''
ETAGS='etags'
EXEEXT=''
GENERATE_CHI='NO'
GENERATE_HTML='NO'
GENERATE_HTMLHELP='NO'
GENERATE_LATEX='NO'
GENERATE_MAN='NO'
GENERATE_RTF='NO'
GENERATE_XML='NO'
GENHTML=''
GIT='/usr/bin/git'
HAVE_CXX20='1'
HAVE_DOT='NO'
HAVE_GCOV_FALSE=''
HAVE_GCOV_TRUE='#'
HHC_PATH=''
INSTALL_DATA='${INSTALL} -m 644'
INSTALL_PROGRAM='${INSTALL}'
INSTALL_SCRIPT='${INSTALL}'
INSTALL_STRIP_PROGRAM='$(install_sh) -c -s'
LCOV=''
LDFLAGS=' -L/home/ollie/llvm-project/build/lib  -lrt -ldl -lm -lz -lzstd -ltinfo -lxml2'
LIBOBJS=''
LIBS='-lffi -ldl  -lLLVMWindowsManifest -lLLVMXRay -lLLVMLibDriver -lLLVMDlltoolDriver -lLLVMTextAPIBinaryReader -lLLVMCoverage -lLLVMLineEditor -lLLVMX86TargetMCA -lLLVMX86Disassembler -lLLVMX86AsmParser -lLLVMX86CodeGen -lLLVMX86Desc -lLLVMX86Info -lLLVMOrcDebugging -lLLVMOrcJIT -lLLVMWindowsDriver -lLLVMMCJIT -lLLVMJITLink -lLLVMInterpreter -lLLVMExecutionEngine -lLLVMRuntimeDyld -lLLVMOrcTargetProcess -lLLVMOrcShared -lLLVMDWP -lLLVMDebugInfoLogicalView -lLLVMDebugInfoGSYM -lLLVMOption -lLLVMObjectYAML -lLLVMObjCopy -lLLVMMCA -lLLVMMCDisassembler -lLLVMLTO -lLLVMFrontendOpenACC -lLLVMFrontendHLSL -lLLVMFrontendDriver -lLLVMExtensions -lPolly -lPollyISL -lLLVMPasses -lLLVMHipStdPar -lLLVMCoroutines -lLLVMCFGuard -lLLVMipo -lLLVMInstrumentation -lLLVMVectorize -lLLVMLinker -lLLVMFrontendOpenMP -lLLVMFrontendOffloading -lLLVMDWARFLinkerParallel -lLLVMDWARFLinkerClassic -lLLVMDWARFLinker -lLLVMGlobalISel -lLLVMMIRParser -lLLVMAsmPrinter -lLLVMSelectionDAG -lLLVMCodeGen -lLLVMTarget -lLLVMObjCARCOpts -lLLVMCodeGenTypes -lLLVMIRPrinter -lLLVMInterfaceStub -lLLVMFileCheck -lLLVMFuzzMutate -lLLVMScalarOpts -lLLVMInstCombine -lLLVMAggressiveInstCombine -lLLVMTransformUtils -lLLVMBitWriter -lLLVMAnalysis -lLLVMProfileData -lLLVMSymbolize -lLLVMDebugInfoBTF -lLLVMDebugInfoPDB -lLLVMDebugInfoMSF -lLLVMDebugInfoDWARF -lLLVMObject -lLLVMTextAPI -lLLVMMCParser -lLLVMIRReader -lLLVMAsmParser -lLLVMMC -lLLVMDebugInfoCodeView -lLLVMBitReader -lLLVMFuzzerCLI -lLLVMCore -lLLVMRemarks -lLLVMBitstreamReader -lLLVMBinaryFormat -lLLVMTargetParser -lLLVMTableGen -lLLVMSupport -lLLVMDemangle -L/home/ollie/llvm-project/build/lib  -lrt -ldl -lm -lz -lzstd -ltinfo -lxml2'
LINT_FALSE='#'
LINT_TRUE=''
LLVMCONFIG='/home/ollie/llvm-project/build/bin/llvm-config'
LTLIBOBJS=''
MAKEINFO='${SHELL} '\''/home/ollie/Desktop/mixer/genmc-tool/missing'\'' makeinfo'
MKDIR_P='/usr/bin/mkdir -p'
OBJEXT='o'
PACKAGE='genmc'
PACKAGE_BUGREPORT='michalis@mpi-sws.org'
PACKAGE_NAME='GenMC'
PACKAGE_STRING='GenMC 0.10.1'
PACKAGE_TARNAME='genmc'
PACKAGE_URL='https://plv.mpi-sws.org/genmc'
PACKAGE_VERSION='0.10.1'
PAPER_SIZE=''
PATH_SEPARATOR=':'
PERL_PATH=''
PROJECT='genmc'
RANLIB='ranlib'
SET_MAKE=''
SHELL='/bin/bash'
SHTOOL=''
SRCDIR='.'
STRIP=''
VERSION='0.10.1'
ac_ct_AR='ar'
ac_ct_CC='gcc'
ac_ct_CXX='g++'
am__EXEEXT_FALSE=''
am__EXEEXT_TRUE='#'
am__fastdepCC_FALSE='#'
am__fastdepCC_TRUE=''
am__fastdepCXX_FALSE='#'
am__fastdepCXX_TRUE=''
am__include='include'
am__isrc=''
am__leading_dot='.'
am__nodep='_no'
am__quote=''
am__tar='$${TAR-tar} chof - "$$tardir"'
am__untar='$${TAR-tar} xf -'
bindir='${exec_prefix}/bin'
build_alias=''
datadir='${datarootdir}'
datarootdir='${prefix}/share'
docdir='${datarootdir}/doc/${PACKAGE_TARNAME}'
dvidir='${docdir}'
exec_prefix='${prefix}'
host_alias=''
htmldir='${docdir}'
includedir='${prefix}/include'
infodir='${datarootdir}/info'
install_sh='${SHELL} /home/ollie/Desktop/mixer/genmc-tool/install-sh'
libdir='${exec_prefix}/lib'
libexecdir='${exec_prefix}/libexec'
localedir='${datarootdir}/locale'
localstatedir='${prefix}/var'
mandir='${datarootdir}/man'
mkdir_p='$(MKDIR_P)'
oldincludedir='/usr/include'
pdfdir='${docdir}'
prefix='/usr/local'
program_transform_name='s,x,x,'
psdir='${docdir}'
runstatedir='${localstatedir}/run'
sbindir='${exec_prefix}/sbin'
sharedstatedir='${prefix}/com'
sysconfdir='${prefix}/etc'
target_alias=''

## ----------- ##
## confdefs.h. ##
## ----------- ##

/* confdefs.h */
#define PACKAGE_NAME "GenMC"
#define PACKAGE_TARNAME "genmc"
#define PACKAGE_VERSION "0.10.1"
#define PACKAGE_STRING "GenMC 0.10.1"
#define PACKAGE_BUGREPORT "michalis@mpi-sws.org"
#define PACKAGE_URL "https://plv.mpi-sws.org/genmc"
#define PACKAGE "genmc"
#define VERSION "0.10.1"
#define HAVE_CXX20 1
#define HAVE_LLVM 1
#define LLVM_VERSION "18.1.7"
#define LLVM_BUILDMODE "Release"
#define CLANGPATH "/home/ollie/llvm-project/build/bin/clang-18"
#define GIT_COMMIT "6b8064e"
#define HAVE_LIBDL 1
#define HAVE_LIBFFI 1
#define STDLIBCPP_SUPPORTS_ENUM_MAP_KEYS 1
#define HAVE_STDIO_H 1
#define HAVE_STDLIB_H 1
#define HAVE_STRING_H 1
#define HAVE_INTTYPES_H 1
#define HAVE_STDINT_H 1
#define HAVE_STRINGS_H 1
#define HAVE_SYS_STAT_H 1
#define HAVE_SYS_TYPES_H 1
#define HAVE_UNISTD_H 1
#define STDC_HEADERS 1
#define HAVE_STDLIB_H 1
#define HAVE_LLVM_EXECUTIONENGINE_EXECUTIONENGINE_H 1
#define HAVE_LLVM_IR_LEGACYPASSMANAGER_H 1
#define HAVE_LLVM_TRANSFORMS_UTILS_H 1
#define HAVE_LLVM_TRANSFORMS_SCALAR_H 1
#define HAVE_FFI_H 1

configure: exit 0

## ---------------------- ##
## Running config.status. ##
## ---------------------- ##

This file was extended by GenMC config.status 0.10.1, which was
generated by GNU Autoconf 2.71.  Invocation command line was

  CONFIG_FILES    = 
  CONFIG_HEADERS  = 
  CONFIG_LINKS    = 
  CONFIG_COMMANDS = 
  $ ./config.status Makefile depfiles

on Heather

config.status:939: creating Makefile
config.status:1168: executing depfiles commands
config.status:1245: cd .       && sed -e '/# am--include-marker/d' Makefile         | make -f - am--depfiles
make[1]: Entering directory '/home/ollie/Desktop/mixer/genmc-tool'
make[1]: Nothing to be done for 'am--depfiles'.
make[1]: Leaving directory '/home/ollie/Desktop/mixer/genmc-tool'
config.status:1250: $? = 0

## ---------------------- ##
## Running config.status. ##
## ---------------------- ##

This file was extended by GenMC config.status 0.10.1, which was
generated by GNU Autoconf 2.71.  Invocation command line was

  CONFIG_FILES    = 
  CONFIG_HEADERS  = 
  CONFIG_LINKS    = 
  CONFIG_COMMANDS = 
  $ ./config.status Makefile depfiles

on Heather

config.status:939: creating Makefile
config.status:1168: executing depfiles commands
config.status:1245: cd .       && sed -e '/# am--include-marker/d' Makefile         | make -f - am--depfiles
make[1]: Entering directory '/home/ollie/Desktop/mixer/genmc-tool'
make[1]: Nothing to be done for 'am--depfiles'.
make[1]: Leaving directory '/home/ollie/Desktop/mixer/genmc-tool'
config.status:1250: $? = 0
