Found #[no_mangle] functions:
basic_usage
sync_in_drop
detect_mem_leak
try_unwrap_succeeds
try_unwrap_fails
try_unwrap_multithreaded

Total functions to verify: 6

    Creating binary (application) package
note: see more `Cargo.toml` keys and their definitions at https://doc.rust-lang.org/cargo/reference/manifest.html
Compiling loom-tests-ported/arc_ported_genmc.rs to LLVM bitcode...
   Compiling arc_ported_genmc v0.1.0 (/tmp/tmp.ZZYL3QnkUJ)
warning: unstable feature specified for `-Ctarget-feature`: `avx512f`
  |
  = note: this feature is not stably supported; its behavior can change in the future

warning: unstable feature specified for `-Ctarget-feature`: `avx512bw`
  |
  = note: this feature is not stably supported; its behavior can change in the future

warning: unstable feature specified for `-Ctarget-feature`: `avx512cd`
  |
  = note: this feature is not stably supported; its behavior can change in the future

warning: unstable feature specified for `-Ctarget-feature`: `avx512dq`
  |
  = note: this feature is not stably supported; its behavior can change in the future

warning: unstable feature specified for `-Ctarget-feature`: `avx512vl`
  |
  = note: this feature is not stably supported; its behavior can change in the future

warning: `arc_ported_genmc` (bin "arc_ported_genmc") generated 5 warnings
    Finished `dev` profile [unoptimized + debuginfo] target(s) in 3.71s
Bitcode files:
/tmp/tmp.ZZYL3QnkUJ/target/debug/deps/arc_ported_genmc-a9a5c22ad4d3f9a7.bc
 
================= [1/6] Verifying: basic_usage =================
 
GenMC exit code: 0
Last 30 lines of verification output:
clang-18: warning: argument unused during compilation: '-I /home/ollie/Desktop/private_mixer/include' [-Wunused-command-line-argument]
clang-18: warning: argument unused during compilation: '-I /usr/local/include/genmc//include' [-Wunused-command-line-argument]
warning: overriding the module target triple with x86_64-pc-linux-gnu [-Woverride-module]
1 warning generated.
Unsupported intrinsic: llvm.load.relative.i64Unsupported intrinsic: llvm.load.relative.i64warning: linking module flags 'Dwarf Version': IDs have conflicting values ('i32 5' from /home/ollie/Desktop/private_mixer/src/Runtime/memcpy.ll with 'i32 4' from /tmp/__genmc.ll.oIFWH3)
warning: Linking two modules of different target triples: '/home/ollie/Desktop/private_mixer/src/Runtime/memmove.ll' is 'x86_64-unknown-linux-gnu' whereas '/tmp/__genmc.ll.oIFWH3' is 'x86_64-pc-linux-gnu'

warning: Linking two modules of different target triples: '/home/ollie/Desktop/private_mixer/src/Runtime/memset.ll' is 'x86_64-unknown-linux-gnu' whereas '/tmp/__genmc.ll.oIFWH3' is 'x86_64-pc-linux-gnu'

GenMC v0.10.1 (LLVM 18.1.3)
Copyright (C) 2024 MPI-SWS. All rights reserved.

*** Compilation complete.
*** Transformation complete.
*** Verification complete. No errors were detected.
Number of complete executions explored: 1
Total wall-clock time: 1.38s
 
  ✓ Verification SUCCESS for basic_usage
================= Finished [1/6] basic_usage =================

 
================= [2/6] Verifying: sync_in_drop =================
 
GenMC exit code: 42
Last 30 lines of verification output:
[sync_in_drop] mod.rs: 341: 
[sync_in_drop] mod.rs: 341: 
[sync_in_drop] atomic.rs: 3297: 
[sync_in_drop] atomic.rs: 3298: 
[sync_in_drop] atomic.rs: 3298: 
[sync_in_drop] atomic.rs: 3305: 
[sync_in_drop] atomic.rs: 3305: 
[sync_in_drop] atomic.rs: 2406: 
[sync_in_drop] mod.rs: 702: 
[sync_in_drop] mod.rs: 702: 
[sync_in_drop] mod.rs: 322: 
[sync_in_drop] mod.rs: 322: 
[sync_in_drop] bytes.rs: 220: 
[sync_in_drop] bytes.rs: 220: 
[sync_in_drop] small_c_string.rs: 26: 
[sync_in_drop] small_c_string.rs: 26: 
[sync_in_drop] small_c_string.rs: 26: 
[sync_in_drop] memcpy.c: 22: *(uint64_t *)dest = *(const uint64_t *)src;
[sync_in_drop] memcpy.c: 22: *(uint64_t *)dest = *(const uint64_t *)src;
[sync_in_drop] memcpy.c: 30: *(uint32_t *)dest = *(const uint32_t *)src;
[sync_in_drop] memcpy.c: 30: *(uint32_t *)dest = *(const uint32_t *)src;
[sync_in_drop] memcpy.c: 37: *(uint16_t *)dest = *(const uint16_t *)src;
[sync_in_drop] memcpy.c: 37: *(uint16_t *)dest = *(const uint16_t *)src;
[sync_in_drop] mod.rs: 1534: 
[sync_in_drop] memchr.rs: 43: 
[sync_in_drop] memchr.rs: 43: 
[sync_in_drop] memchr.rs: 43: 
*** Verification unsuccessful.
Number of complete executions explored: 1
Total wall-clock time: 1.46s
 
  ✗ Verification FAILED for sync_in_drop
================= Finished [2/6] sync_in_drop =================

 
================= [3/6] Verifying: detect_mem_leak =================
 
GenMC exit code: 0
Last 30 lines of verification output:
clang-18: warning: argument unused during compilation: '-I /home/ollie/Desktop/private_mixer/include' [-Wunused-command-line-argument]
clang-18: warning: argument unused during compilation: '-I /usr/local/include/genmc//include' [-Wunused-command-line-argument]
warning: overriding the module target triple with x86_64-pc-linux-gnu [-Woverride-module]
1 warning generated.
Unsupported intrinsic: llvm.load.relative.i64Unsupported intrinsic: llvm.load.relative.i64warning: linking module flags 'Dwarf Version': IDs have conflicting values ('i32 5' from /home/ollie/Desktop/private_mixer/src/Runtime/memcpy.ll with 'i32 4' from /tmp/__genmc.ll.zXQxZe)
warning: Linking two modules of different target triples: '/home/ollie/Desktop/private_mixer/src/Runtime/memmove.ll' is 'x86_64-unknown-linux-gnu' whereas '/tmp/__genmc.ll.zXQxZe' is 'x86_64-pc-linux-gnu'

warning: Linking two modules of different target triples: '/home/ollie/Desktop/private_mixer/src/Runtime/memset.ll' is 'x86_64-unknown-linux-gnu' whereas '/tmp/__genmc.ll.zXQxZe' is 'x86_64-pc-linux-gnu'

GenMC v0.10.1 (LLVM 18.1.3)
Copyright (C) 2024 MPI-SWS. All rights reserved.

*** Compilation complete.
*** Transformation complete.
*** Verification complete. No errors were detected.
Number of complete executions explored: 1
Total wall-clock time: 1.42s
 
  ✓ Verification SUCCESS for detect_mem_leak
================= Finished [3/6] detect_mem_leak =================

 
================= [4/6] Verifying: try_unwrap_succeeds =================
 
GenMC exit code: 139
Last 30 lines of verification output:
clang-18: warning: argument unused during compilation: '-I /home/ollie/Desktop/private_mixer/include' [-Wunused-command-line-argument]
clang-18: warning: argument unused during compilation: '-I /usr/local/include/genmc//include' [-Wunused-command-line-argument]
warning: overriding the module target triple with x86_64-pc-linux-gnu [-Woverride-module]
1 warning generated.
Unsupported intrinsic: llvm.load.relative.i64Unsupported intrinsic: llvm.load.relative.i64warning: linking module flags 'Dwarf Version': IDs have conflicting values ('i32 5' from /home/ollie/Desktop/private_mixer/src/Runtime/memcpy.ll with 'i32 4' from /tmp/__genmc.ll.qh59i4)
warning: Linking two modules of different target triples: '/home/ollie/Desktop/private_mixer/src/Runtime/memmove.ll' is 'x86_64-unknown-linux-gnu' whereas '/tmp/__genmc.ll.qh59i4' is 'x86_64-pc-linux-gnu'

warning: Linking two modules of different target triples: '/home/ollie/Desktop/private_mixer/src/Runtime/memset.ll' is 'x86_64-unknown-linux-gnu' whereas '/tmp/__genmc.ll.qh59i4' is 'x86_64-pc-linux-gnu'

timeout: the monitored command dumped core
 
  ✗ Verification FAILED for try_unwrap_succeeds
================= Finished [4/6] try_unwrap_succeeds =================

 
================= [5/6] Verifying: try_unwrap_fails =================
 
GenMC exit code: 139
Last 30 lines of verification output:
clang-18: warning: argument unused during compilation: '-I /home/ollie/Desktop/private_mixer/include' [-Wunused-command-line-argument]
clang-18: warning: argument unused during compilation: '-I /usr/local/include/genmc//include' [-Wunused-command-line-argument]
warning: overriding the module target triple with x86_64-pc-linux-gnu [-Woverride-module]
1 warning generated.
Unsupported intrinsic: llvm.load.relative.i64Unsupported intrinsic: llvm.load.relative.i64warning: linking module flags 'Dwarf Version': IDs have conflicting values ('i32 5' from /home/ollie/Desktop/private_mixer/src/Runtime/memcpy.ll with 'i32 4' from /tmp/__genmc.ll.El1yuJ)
warning: Linking two modules of different target triples: '/home/ollie/Desktop/private_mixer/src/Runtime/memmove.ll' is 'x86_64-unknown-linux-gnu' whereas '/tmp/__genmc.ll.El1yuJ' is 'x86_64-pc-linux-gnu'

warning: Linking two modules of different target triples: '/home/ollie/Desktop/private_mixer/src/Runtime/memset.ll' is 'x86_64-unknown-linux-gnu' whereas '/tmp/__genmc.ll.El1yuJ' is 'x86_64-pc-linux-gnu'

timeout: the monitored command dumped core
 
  ✗ Verification FAILED for try_unwrap_fails
================= Finished [5/6] try_unwrap_fails =================

 
================= [6/6] Verifying: try_unwrap_multithreaded =================
 
GenMC exit code: 42
Last 30 lines of verification output:
[try_unwrap_multithreaded] mod.rs: 341: 
[try_unwrap_multithreaded] mod.rs: 341: 
[try_unwrap_multithreaded] mod.rs: 341: 
[try_unwrap_multithreaded] atomic.rs: 3297: 
[try_unwrap_multithreaded] atomic.rs: 3298: 
[try_unwrap_multithreaded] atomic.rs: 3298: 
[try_unwrap_multithreaded] atomic.rs: 3305: 
[try_unwrap_multithreaded] atomic.rs: 3305: 
[try_unwrap_multithreaded] atomic.rs: 2406: 
[try_unwrap_multithreaded] mod.rs: 702: 
[try_unwrap_multithreaded] mod.rs: 702: 
[try_unwrap_multithreaded] mod.rs: 322: 
[try_unwrap_multithreaded] mod.rs: 322: 
[try_unwrap_multithreaded] bytes.rs: 220: 
[try_unwrap_multithreaded] bytes.rs: 220: 
[try_unwrap_multithreaded] small_c_string.rs: 26: 
[try_unwrap_multithreaded] small_c_string.rs: 26: 
[try_unwrap_multithreaded] small_c_string.rs: 26: 
[try_unwrap_multithreaded] memcpy.c: 22: *(uint64_t *)dest = *(const uint64_t *)src;
[try_unwrap_multithreaded] memcpy.c: 22: *(uint64_t *)dest = *(const uint64_t *)src;
[try_unwrap_multithreaded] memcpy.c: 30: *(uint32_t *)dest = *(const uint32_t *)src;
[try_unwrap_multithreaded] memcpy.c: 30: *(uint32_t *)dest = *(const uint32_t *)src;
[try_unwrap_multithreaded] memcpy.c: 37: *(uint16_t *)dest = *(const uint16_t *)src;
[try_unwrap_multithreaded] memcpy.c: 37: *(uint16_t *)dest = *(const uint16_t *)src;
[try_unwrap_multithreaded] mod.rs: 1534: 
[try_unwrap_multithreaded] memchr.rs: 43: 
[try_unwrap_multithreaded] memchr.rs: 43: 
*** Verification unsuccessful.
Number of complete executions explored: 1
Total wall-clock time: 1.51s
 
  ✗ Verification FAILED for try_unwrap_multithreaded
================= Finished [6/6] try_unwrap_multithreaded =================


============================================
ALL VERIFICATIONS COMPLETE
============================================
Total functions verified: 6
Successful: 2
Failed: 4

Summary saved to: test_results/arc_ported_genmc_all_summary.txt
Individual traces saved to: test_traces/arc_ported_genmc/
============================================
